<?xml version="1.0" encoding="UTF-8"?>
<!-- Generated by org.testng.reporters.JUnitReportReporter -->
<testsuite hostname="DESKTOP-0U53EI1" name="testcases.AddCustomerTest" tests="1" failures="0" timestamp="9 May 2020 20:08:33 GMT" time="10.381" errors="0">
  <testcase name="AddCustomer" time="10.381" classname="testcases.AddCustomerTest"/>
</testsuite> <!-- testcases.AddCustomerTest -->
