<?xml version="1.0" encoding="UTF-8"?>
<!-- Generated by org.testng.reporters.JUnitReportReporter -->
<testsuite hostname="DESKTOP-0U53EI1" failures="0" tests="1" name="testcases.LogInTest" time="5.113" errors="0" timestamp="17 May 2020 17:45:34 GMT" skipped="0">
  <testcase classname="testcases.LogInTest" name="logInTest" time="5.113"/>
</testsuite> <!-- testcases.LogInTest -->
