<?xml version="1.0" encoding="UTF-8"?>
<!-- Generated by org.testng.reporters.JUnitReportReporter -->
<testsuite hostname="DESKTOP-0U53EI1" failures="0" tests="1" name="testcases.OpenAccountTest" time="0.001" errors="0" timestamp="17 May 2020 17:45:34 GMT" skipped="1">
  <testcase classname="testcases.OpenAccountTest" name="openAccountTest" time="0.001">
    <skipped/>
  </testcase> <!-- openAccountTest -->
</testsuite> <!-- testcases.OpenAccountTest -->
